<?xml version="1.0" encoding="UTF-8"?>
<!-- Generated by org.testng.reporters.JUnitReportReporter -->
<testsuite skipped="0" hostname="kiranReddy-PC" name="com.inetbanking.testCases.TC_LoginTest_001" tests="1" failures="0" timestamp="31 Jan 2019 14:51:52 GMT" time="15.094" errors="0">
  <testcase name="loginTest" time="15.094" classname="com.inetbanking.testCases.TC_LoginTest_001"/>
</testsuite> <!-- com.inetbanking.testCases.TC_LoginTest_001 -->
